13:55:11 **** Incremental Build of configuration Debug for project erfa-test ****
make -j16 all 
arm-none-eabi-gcc "../Core/Src/ae2hd.c" -mcpu=cortex-m4 -std=gnu11 -g3 -DDEBUG -DUSE_HAL_DRIVER -DSTM32L452xx -c -I../Core/Inc -I../Drivers/STM32L4xx_HAL_Driver/Inc -I../Drivers/STM32L4xx_HAL_Driver/Inc/Legacy -I../Drivers/CMSIS/Device/ST/STM32L4xx/Include -I../Drivers/CMSIS/Include -O0 -ffunction-sections -fdata-sections -Wall -fstack-usage -fcyclomatic-complexity -MMD -MP -MF"Core/Src/ae2hd.d" -MT"Core/Src/ae2hd.o" --specs=nano.specs -mfpu=fpv4-sp-d16 -mfloat-abi=hard -mthumb -o "Core/Src/ae2hd.o"
arm-none-eabi-gcc "../Core/Src/main.c" -mcpu=cortex-m4 -std=gnu11 -g3 -DDEBUG -DUSE_HAL_DRIVER -DSTM32L452xx -c -I../Core/Inc -I../Drivers/STM32L4xx_HAL_Driver/Inc -I../Drivers/STM32L4xx_HAL_Driver/Inc/Legacy -I../Drivers/CMSIS/Device/ST/STM32L4xx/Include -I../Drivers/CMSIS/Include -O0 -ffunction-sections -fdata-sections -Wall -fstack-usage -fcyclomatic-complexity -MMD -MP -MF"Core/Src/main.d" -MT"Core/Src/main.o" --specs=nano.specs -mfpu=fpv4-sp-d16 -mfloat-abi=hard -mthumb -o "Core/Src/main.o"
arm-none-eabi-g++ -o "erfa-test.elf" @"objects.list"   -mcpu=cortex-m4 -T"C:\Users\celin\Documents\svh_lab_projects\2_stellarium\workspace_1.11.2\erfa-test\STM32L452RETX_FLASH.ld" --specs=nosys.specs -Wl,-Map="erfa-test.map" -Wl,--gc-sections -static --specs=nano.specs -mfpu=fpv4-sp-d16 -mfloat-abi=hard -mthumb -Wl,--start-group -lc -lm -lstdc++ -lsupc++ -Wl,--end-group
c:\st\stm32cubeide_1.12.1\stm32cubeide\plugins\com.st.stm32cube.ide.mcu.externaltools.gnu-tools-for-stm32.10.3-2021.10.win32_1.0.200.202301161003\tools\arm-none-eabi\bin\ld.exe: ./Core/Src/main.o: in function `eraAe2hd':
C:/Users/celin/Documents/svh_lab_projects/2_stellarium/workspace_1.11.2/erfa-test/Debug/../Core/Src/ae2hd.c:4: multiple definition of `eraAe2hd'; ./Core/Src/ae2hd.o:C:/Users/celin/Documents/svh_lab_projects/2_stellarium/workspace_1.11.2/erfa-test/Debug/../Core/Src/ae2hd.c:4: first defined here
collect2.exe: error: ld returned 1 exit status
make: *** [makefile:79: erfa-test.elf] Error 1
"make -j16 all" terminated with exit code 2. Build might be incomplete.

13:55:12 Build Failed. 3 errors, 0 warnings. (took 662ms)

